# JRE version: Java(TM) SE Runtime Environment (11.0.6+8) (build 11.0.6+8-LTS)
# Java VM: Java HotSpot(TM) 64-Bit Server VM (11.0.6+8-LTS, mixed mode, tiered, compressed oops, g1 gc, windows-amd64)
Heap:
 garbage-first heap   total 157696K, used 69362K [0x0000000081a00000, 0x0000000100000000)
  region size 1024K, 64 young (65536K), 8 survivors (8192K)
 Metaspace       used 42132K, capacity 43415K, committed 43548K, reserved 1087488K
  class space    used 5230K, capacity 5720K, committed 5760K, reserved 1048576K
GC Heap History (10 events):
Event: 1.977 GC heap before
{Heap before GC invocations=1 (full 0):
 garbage-first heap   total 131072K, used 16484K [0x0000000081a00000, 0x0000000100000000)
  region size 1024K, 14 young (14336K), 2 survivors (2048K)
 Metaspace       used 14530K, capacity 14851K, committed 14976K, reserved 1062912K
  class space    used 1513K, capacity 1634K, committed 1664K, reserved 1048576K
}
Event: 1.985 GC heap after
{Heap after GC invocations=2 (full 0):
 garbage-first heap   total 131072K, used 5593K [0x0000000081a00000, 0x0000000100000000)
  region size 1024K, 2 young (2048K), 2 survivors (2048K)
 Metaspace       used 14530K, capacity 14851K, committed 14976K, reserved 1062912K
  class space    used 1513K, capacity 1634K, committed 1664K, reserved 1048576K
}
Event: 2.397 GC heap before
{Heap before GC invocations=2 (full 0):
 garbage-first heap   total 131072K, used 35289K [0x0000000081a00000, 0x0000000100000000)
  region size 1024K, 32 young (32768K), 2 survivors (2048K)
 Metaspace       used 19691K, capacity 20224K, committed 20480K, reserved 1067008K
  class space    used 2310K, capacity 2495K, committed 2560K, reserved 1048576K
}
Event: 2.403 GC heap after
{Heap after GC invocations=3 (full 0):
 garbage-first heap   total 131072K, used 7294K [0x0000000081a00000, 0x0000000100000000)
  region size 1024K, 4 young (4096K), 4 survivors (4096K)
 Metaspace       used 19691K, capacity 20224K, committed 20480K, reserved 1067008K
  class space    used 2310K, capacity 2495K, committed 2560K, reserved 1048576K
}
Event: 2.454 GC heap before
{Heap before GC invocations=3 (full 0):
 garbage-first heap   total 131072K, used 12414K [0x0000000081a00000, 0x0000000100000000)
  region size 1024K, 10 young (10240K), 4 survivors (4096K)
 Metaspace       used 20584K, capacity 21141K, committed 21296K, reserved 1069056K
  class space    used 2420K, capacity 2629K, committed 2688K, reserved 1048576K
}
Event: 2.462 GC heap after
{Heap after GC invocations=4 (full 0):
 garbage-first heap   total 131072K, used 7288K [0x0000000081a00000, 0x0000000100000000)
  region size 1024K, 4 young (4096K), 4 survivors (4096K)
 Metaspace       used 20584K, capacity 21141K, committed 21296K, reserved 1069056K
  class space    used 2420K, capacity 2629K, committed 2688K, reserved 1048576K
}
Event: 3.701 GC heap before
{Heap before GC invocations=5 (full 0):
 garbage-first heap   total 131072K, used 72824K [0x0000000081a00000, 0x0000000100000000)
  region size 1024K, 69 young (70656K), 4 survivors (4096K)
 Metaspace       used 28691K, capacity 29588K, committed 29744K, reserved 1075200K
  class space    used 3504K, capacity 3865K, committed 3968K, reserved 1048576K
}
Event: 3.719 GC heap after
{Heap after GC invocations=6 (full 0):
 garbage-first heap   total 131072K, used 9959K [0x0000000081a00000, 0x0000000100000000)
  region size 1024K, 6 young (6144K), 6 survivors (6144K)
 Metaspace       used 28691K, capacity 29588K, committed 29744K, reserved 1075200K
  class space    used 3504K, capacity 3865K, committed 3968K, reserved 1048576K
}
Event: 4.760 GC heap before
{Heap before GC invocations=6 (full 0):
 garbage-first heap   total 131072K, used 58087K [0x0000000081a00000, 0x0000000100000000)
  region size 1024K, 54 young (55296K), 6 survivors (6144K)
 Metaspace       used 34633K, capacity 35783K, committed 35888K, reserved 1081344K
  class space    used 4269K, capacity 4723K, committed 4736K, reserved 1048576K
}
Event: 4.778 GC heap after
{Heap after GC invocations=7 (full 0):
 garbage-first heap   total 157696K, used 13042K [0x0000000081a00000, 0x0000000100000000)
  region size 1024K, 8 young (8192K), 8 survivors (8192K)
 Metaspace       used 34633K, capacity 35783K, committed 35888K, reserved 1081344K
  class space    used 4269K, capacity 4723K, committed 4736K, reserved 1048576K
}

